<?xml version="1.0" encoding="UTF-8"?>
<!-- Generated by org.testng.reporters.JUnitReportReporter -->
<testsuite skipped="0" hostname="DESKTOP-R22TH26" name="testngpack.AssignActiTest" tests="2" failures="0" timestamp="2022-08-23T21:00:23 IST" time="25.988" errors="0">
  <testcase name="LoginActiTime" time="16.178" classname="testngpack.AssignActiTest"/>
  <system-out/>
  <testcase name="LoginActiTime" time="9.810" classname="testngpack.AssignActiTest"/>
  <system-out/>
</testsuite> <!-- testngpack.AssignActiTest -->
