<?xml version="1.0" encoding="UTF-8"?>
<!-- Generated by org.testng.reporters.JUnitReportReporter -->
<testsuite skipped="0" hostname="DESKTOP-R22TH26" name="testngpack.TestActitime1" tests="2" failures="0" timestamp="2022-08-23T20:32:38 IST" time="16.200" errors="0">
  <testcase name="actiTimeLogout" time="12.635" classname="testngpack.TestActitime1"/>
  <system-out/>
  <testcase name="logintoActiTime" time="3.565" classname="testngpack.TestActitime1"/>
  <system-out/>
</testsuite> <!-- testngpack.TestActitime1 -->
