<?xml version="1.0" encoding="UTF-8"?>
<!-- Generated by org.testng.reporters.JUnitReportReporter -->
<testsuite skipped="0" hostname="DESKTOP-R22TH26" name="testngpack.TestMethod1" tests="2" failures="0" timestamp="2022-08-23T21:05:24 IST" time="0.026" errors="0">
  <testcase name="method2" time="0.013" classname="testngpack.TestMethod1"/>
  <system-out>
    <![CDATA[method2 14]]>
  </system-out>
  <testcase name="method1" time="0.013" classname="testngpack.TestMethod1"/>
  <system-out>
    <![CDATA[method1 13]]>
  </system-out>
</testsuite> <!-- testngpack.TestMethod1 -->
