<?xml version="1.0" encoding="UTF-8"?>
<!-- Generated by org.testng.reporters.JUnitReportReporter -->
<testsuite skipped="0" hostname="DESKTOP-R22TH26" name="testngpack.Flag8" tests="2" failures="0" timestamp="2022-08-20T20:57:41 IST" time="27.692" errors="0">
  <testcase name="loginActiTime" time="14.567" classname="testngpack.Flag8"/>
  <system-out/>
  <testcase name="loginActiTime" time="13.125" classname="testngpack.Flag8"/>
  <system-out/>
</testsuite> <!-- testngpack.Flag8 -->
