<?xml version="1.0" encoding="UTF-8"?>
<!-- Generated by org.testng.reporters.JUnitReportReporter -->
<testsuite skipped="0" hostname="DESKTOP-R22TH26" name="testngpack.Demo" tests="1" failures="0" timestamp="2022-08-20T10:44:08 IST" time="0.002" errors="0">
  <testcase name="method1" time="0.002" classname="testngpack.Demo"/>
  <system-out>
    <![CDATA[method1]]>
  </system-out>
</testsuite> <!-- testngpack.Demo -->
