<?xml version="1.0" encoding="UTF-8"?>
<!-- Generated by org.testng.reporters.JUnitReportReporter -->
<testsuite skipped="0" hostname="DESKTOP-R22TH26" name="testngpack.Class3" tests="1" failures="0" timestamp="2022-09-02T16:17:01 IST" time="12.366" errors="0">
  <testcase name="launchGoogle1" time="12.366" classname="testngpack.Class3"/>
  <system-out/>
</testsuite> <!-- testngpack.Class3 -->
