<?xml version="1.0" encoding="UTF-8"?>
<!-- Generated by org.testng.reporters.JUnitReportReporter -->
<testsuite skipped="0" hostname="DESKTOP-R22TH26" name="testngpack.Flag4" tests="3" failures="0" timestamp="2022-08-20T20:18:26 IST" time="0.016" errors="0">
  <testcase name="actiTimeLogout" time="0.004" classname="testngpack.Flag4"/>
  <system-out>
    <![CDATA[Logout successful]]>
  </system-out>
  <testcase name="actiTimeLogin" time="0.011" classname="testngpack.Flag4"/>
  <system-out>
    <![CDATA[Login successful]]>
  </system-out>
  <testcase name="actiTimeCreateUser" time="0.001" classname="testngpack.Flag4"/>
  <system-out>
    <![CDATA[Create user]]>
  </system-out>
</testsuite> <!-- testngpack.Flag4 -->
