<?xml version="1.0" encoding="UTF-8"?>
<!-- Generated by org.testng.reporters.JUnitReportReporter -->
<testsuite skipped="0" hostname="DESKTOP-R22TH26" name="testngpack.Flag6" tests="12" failures="0" timestamp="2022-08-20T20:05:22 IST" time="0.062" errors="0">
  <testcase name="st6" time="0.001" classname="testngpack.Flag6"/>
  <system-out>
    <![CDATA[st test case 6]]>
  </system-out>
  <testcase name="it6" time="0.015" classname="testngpack.Flag6"/>
  <system-out>
    <![CDATA[it test case 6]]>
  </system-out>
  <testcase name="it5" time="0.007" classname="testngpack.Flag6"/>
  <system-out>
    <![CDATA[it test case 5]]>
  </system-out>
  <testcase name="it3" time="0.004" classname="testngpack.Flag6"/>
  <system-out>
    <![CDATA[it test case 3]]>
  </system-out>
  <testcase name="st5" time="0.001" classname="testngpack.Flag6"/>
  <system-out>
    <![CDATA[st test case 5]]>
  </system-out>
  <testcase name="st1" time="0.002" classname="testngpack.Flag6"/>
  <system-out>
    <![CDATA[st test case 1]]>
  </system-out>
  <testcase name="it2" time="0.002" classname="testngpack.Flag6"/>
  <system-out>
    <![CDATA[it test case 2]]>
  </system-out>
  <testcase name="st3" time="0.003" classname="testngpack.Flag6"/>
  <system-out>
    <![CDATA[st test case 3]]>
  </system-out>
  <testcase name="it4" time="0.006" classname="testngpack.Flag6"/>
  <system-out>
    <![CDATA[it test case 4]]>
  </system-out>
  <testcase name="st2" time="0.004" classname="testngpack.Flag6"/>
  <system-out>
    <![CDATA[st test case 2]]>
  </system-out>
  <testcase name="st4" time="0.004" classname="testngpack.Flag6"/>
  <system-out>
    <![CDATA[st test case 4]]>
  </system-out>
  <testcase name="it1" time="0.013" classname="testngpack.Flag6"/>
  <system-out>
    <![CDATA[it test case 1]]>
  </system-out>
</testsuite> <!-- testngpack.Flag6 -->
