<?xml version="1.0" encoding="UTF-8"?>
<!-- Generated by org.testng.reporters.JUnitReportReporter -->
<testsuite skipped="0" hostname="DESKTOP-R22TH26" name="testngpack.Sumo" tests="1" failures="0" timestamp="2022-08-20T10:44:08 IST" time="0.014" errors="0">
  <testcase name="method3" time="0.014" classname="testngpack.Sumo"/>
  <system-out>
    <![CDATA[method3]]>
  </system-out>
</testsuite> <!-- testngpack.Sumo -->
