<?xml version="1.0" encoding="UTF-8"?>
<!-- Generated by org.testng.reporters.JUnitReportReporter -->
<testsuite skipped="0" hostname="DESKTOP-R22TH26" name="testngpack.NewTest" tests="2" failures="0" timestamp="2022-08-23T10:20:33 IST" time="0.022" errors="0">
  <testcase name="Test2" time="0.013" classname="testngpack.NewTest"/>
  <system-out>
    <![CDATA[test2 method]]>
  </system-out>
  <testcase name="Test1" time="0.009" classname="testngpack.NewTest"/>
  <system-out>
    <![CDATA[test1 method]]>
  </system-out>
</testsuite> <!-- testngpack.NewTest -->
