<?xml version="1.0" encoding="UTF-8"?>
<!-- Generated by org.testng.reporters.JUnitReportReporter -->
<testsuite skipped="0" hostname="DESKTOP-R22TH26" name="testngpack.AnnotaionsIntestng" tests="2" failures="0" timestamp="2022-08-23T20:27:18 IST" time="0.019" errors="0">
  <testcase name="f1" time="0.005" classname="testngpack.AnnotaionsIntestng"/>
  <system-out>
    <![CDATA[test case 2 execution ]]>
  </system-out>
  <testcase name="f" time="0.014" classname="testngpack.AnnotaionsIntestng"/>
  <system-out>
    <![CDATA[test case 1 execution ]]>
  </system-out>
</testsuite> <!-- testngpack.AnnotaionsIntestng -->
