<?xml version="1.0" encoding="UTF-8"?>
<!-- Generated by org.testng.reporters.JUnitReportReporter -->
<testsuite skipped="0" hostname="DESKTOP-R22TH26" name="testngpack.Homework" tests="1" failures="0" timestamp="2022-08-25T15:49:46 IST" time="22.574" errors="0">
  <testcase name="OrangeHRM" time="22.574" classname="testngpack.Homework"/>
  <system-out>
    <![CDATA[login page title is verified
username text box is displayed
pasword text box is displayed
login button  is displayed
Home page title is verified]]>
  </system-out>
</testsuite> <!-- testngpack.Homework -->
